TN:
SF:/Volumes/DATA/proj/cra-demo-1/src/Components/BuildInfo/BuildInfo.component.js
FN:13,(anonymous_0)
FNF:1
FNH:1
FNDA:5,(anonymous_0)
DA:8,3
DA:13,3
DA:18,5
DA:20,3
DA:23,3
DA:28,3
LF:6
LH:6
BRDA:18,0,0,2
BRDA:18,0,1,3
BRF:2
BRH:2
end_of_record
TN:
SF:/Volumes/DATA/proj/cra-demo-1/src/Components/BuildInfo/BuildInfo.component.story.js
FN:7,(anonymous_0)
FN:13,(anonymous_1)
FNF:2
FNH:2
FNDA:1,(anonymous_0)
FNDA:1,(anonymous_1)
DA:6,1
DA:8,1
DA:14,1
LF:3
LH:3
BRF:0
BRH:0
end_of_record
TN:
SF:/Volumes/DATA/proj/cra-demo-1/src/Containers/App/App.container.js
FN:8,(anonymous_0)
FNF:1
FNH:1
FNDA:1,(anonymous_0)
DA:9,1
LF:1
LH:1
BRF:0
BRH:0
end_of_record
TN:
SF:/Volumes/DATA/proj/cra-demo-1/src/Utils/buildInfo.util.js
FN:13,(anonymous_0)
FN:18,(anonymous_1)
FN:20,(anonymous_2)
FNF:3
FNH:3
FNDA:9,(anonymous_0)
FNDA:3,(anonymous_1)
FNDA:3,(anonymous_2)
DA:8,3
DA:13,3
DA:14,9
DA:15,9
DA:18,3
DA:20,3
LF:6
LH:6
BRDA:15,0,0,9
BRDA:15,0,1,0
BRDA:18,1,0,0
BRDA:18,1,1,3
BRF:4
BRH:2
end_of_record
TN:
SF:/Volumes/DATA/proj/cra-demo-1/src/Utils/environment.util.js
FN:4,(anonymous_0)
FNF:1
FNH:1
FNDA:5,(anonymous_0)
DA:4,4
DA:6,5
LF:2
LH:2
BRF:0
BRH:0
end_of_record
